<?xml version="1.0" encoding="UTF-8"?>
<!-- Generated by org.testng.reporters.JUnitReportReporter -->
<testsuite hostname="LAPTOP-ERNOHJQU" failures="0" tests="1" name="base.StockTestNG" time="54.808" errors="0" timestamp="2021-08-02T16:35:33 IST" skipped="0">
  <testcase classname="base.StockTestNG" name="stockAddandRemove" time="54.808"/>
  <system-out/>
</testsuite> <!-- base.StockTestNG -->
