<?xml version="1.0" encoding="UTF-8"?>
<!-- Generated by org.testng.reporters.JUnitReportReporter -->
<testsuite hostname="LAPTOP-ERNOHJQU" failures="0" tests="1" name="test.ChromeTestNG" time="44.450" errors="0" timestamp="2021-08-02T22:58:56 IST" skipped="0">
  <testcase classname="test.ChromeTestNG" name="stockAddandRemove" time="44.450"/>
  <system-out/>
</testsuite> <!-- test.ChromeTestNG -->
